#! /opt/homebrew/Cellar/icarus-verilog/12.0/bin/vvp
:ivl_version "12.0 (stable)";
:ivl_delay_selection "TYPICAL";
:vpi_time_precision + 0;
:vpi_module "/opt/homebrew/Cellar/icarus-verilog/12.0/lib/ivl/system.vpi";
:vpi_module "/opt/homebrew/Cellar/icarus-verilog/12.0/lib/ivl/vhdl_sys.vpi";
:vpi_module "/opt/homebrew/Cellar/icarus-verilog/12.0/lib/ivl/vhdl_textio.vpi";
:vpi_module "/opt/homebrew/Cellar/icarus-verilog/12.0/lib/ivl/v2005_math.vpi";
:vpi_module "/opt/homebrew/Cellar/icarus-verilog/12.0/lib/ivl/va_math.vpi";
S_0x14a608df0 .scope module, "full_adder_tb" "full_adder_tb" 2 5;
 .timescale 0 0;
v0x14a626c40_0 .var "A", 0 0;
v0x14a626cd0_0 .var "B", 0 0;
v0x14a626d60_0 .var "CIN", 0 0;
v0x14a626df0_0 .net "COUT", 0 0, L_0x14a627390;  1 drivers
v0x14a626ec0_0 .net "S", 0 0, L_0x14a6271c0;  1 drivers
S_0x14a608f60 .scope module, "uut" "Full_Adder" 2 11, 3 25 0, S_0x14a608df0;
 .timescale 0 0;
    .port_info 0 /INPUT 1 "A";
    .port_info 1 /INPUT 1 "B";
    .port_info 2 /INPUT 1 "Cin";
    .port_info 3 /OUTPUT 1 "S";
    .port_info 4 /OUTPUT 1 "Cout";
v0x14a626600_0 .net "A", 0 0, v0x14a626c40_0;  1 drivers
v0x14a6266e0_0 .net "B", 0 0, v0x14a626cd0_0;  1 drivers
v0x14a6267b0_0 .net "Cin", 0 0, v0x14a626d60_0;  1 drivers
v0x14a626880_0 .net "Cout", 0 0, L_0x14a627390;  alias, 1 drivers
v0x14a626910_0 .net "S", 0 0, L_0x14a6271c0;  alias, 1 drivers
v0x14a6269e0_0 .net "w1", 0 0, L_0x14a626fd0;  1 drivers
v0x14a626a70_0 .net "w2", 0 0, L_0x14a6272b0;  1 drivers
v0x14a626b40_0 .net "w3", 0 0, L_0x14a627320;  1 drivers
S_0x14a608220 .scope module, "U1" "XOR" 3 34, 3 17 0, S_0x14a608f60;
 .timescale 0 0;
    .port_info 0 /INPUT 1 "a";
    .port_info 1 /INPUT 1 "b";
    .port_info 2 /OUTPUT 1 "y";
L_0x14a626fd0 .functor XOR 1, v0x14a626c40_0, v0x14a626cd0_0, C4<0>, C4<0>;
v0x14a614a90_0 .net "a", 0 0, v0x14a626c40_0;  alias, 1 drivers
v0x14a6252a0_0 .net "b", 0 0, v0x14a626cd0_0;  alias, 1 drivers
v0x14a625340_0 .net "y", 0 0, L_0x14a626fd0;  alias, 1 drivers
S_0x14a625440 .scope module, "U2" "XOR" 3 35, 3 17 0, S_0x14a608f60;
 .timescale 0 0;
    .port_info 0 /INPUT 1 "a";
    .port_info 1 /INPUT 1 "b";
    .port_info 2 /OUTPUT 1 "y";
L_0x14a6271c0 .functor XOR 1, L_0x14a626fd0, v0x14a626d60_0, C4<0>, C4<0>;
v0x14a625660_0 .net "a", 0 0, L_0x14a626fd0;  alias, 1 drivers
v0x14a625710_0 .net "b", 0 0, v0x14a626d60_0;  alias, 1 drivers
v0x14a6257a0_0 .net "y", 0 0, L_0x14a6271c0;  alias, 1 drivers
S_0x14a6258a0 .scope module, "U3" "AND" 3 37, 3 1 0, S_0x14a608f60;
 .timescale 0 0;
    .port_info 0 /INPUT 1 "a";
    .port_info 1 /INPUT 1 "b";
    .port_info 2 /OUTPUT 1 "y";
L_0x14a6272b0 .functor AND 1, v0x14a626c40_0, v0x14a626cd0_0, C4<1>, C4<1>;
v0x14a625ad0_0 .net "a", 0 0, v0x14a626c40_0;  alias, 1 drivers
v0x14a625b80_0 .net "b", 0 0, v0x14a626cd0_0;  alias, 1 drivers
v0x14a625c30_0 .net "y", 0 0, L_0x14a6272b0;  alias, 1 drivers
S_0x14a625d10 .scope module, "U4" "AND" 3 38, 3 1 0, S_0x14a608f60;
 .timescale 0 0;
    .port_info 0 /INPUT 1 "a";
    .port_info 1 /INPUT 1 "b";
    .port_info 2 /OUTPUT 1 "y";
L_0x14a627320 .functor AND 1, L_0x14a626fd0, v0x14a626d60_0, C4<1>, C4<1>;
v0x14a625f20_0 .net "a", 0 0, L_0x14a626fd0;  alias, 1 drivers
v0x14a626000_0 .net "b", 0 0, v0x14a626d60_0;  alias, 1 drivers
v0x14a6260a0_0 .net "y", 0 0, L_0x14a627320;  alias, 1 drivers
S_0x14a626180 .scope module, "U5" "OR" 3 40, 3 9 0, S_0x14a608f60;
 .timescale 0 0;
    .port_info 0 /INPUT 1 "a";
    .port_info 1 /INPUT 1 "b";
    .port_info 2 /OUTPUT 1 "y";
L_0x14a627390 .functor OR 1, L_0x14a6272b0, L_0x14a627320, C4<0>, C4<0>;
v0x14a6263d0_0 .net "a", 0 0, L_0x14a6272b0;  alias, 1 drivers
v0x14a626480_0 .net "b", 0 0, L_0x14a627320;  alias, 1 drivers
v0x14a626530_0 .net "y", 0 0, L_0x14a627390;  alias, 1 drivers
    .scope S_0x14a608df0;
T_0 ;
    %vpi_call 2 14 "$dumpfile", "full_adder_tb.vcd" {0 0 0};
    %vpi_call 2 15 "$dumpvars", 32'sb00000000000000000000000000000000, S_0x14a608df0 {0 0 0};
    %end;
    .thread T_0;
    .scope S_0x14a608df0;
T_1 ;
    %pushi/vec4 0, 0, 1;
    %store/vec4 v0x14a626c40_0, 0, 1;
    %pushi/vec4 0, 0, 1;
    %store/vec4 v0x14a626cd0_0, 0, 1;
    %pushi/vec4 0, 0, 1;
    %store/vec4 v0x14a626d60_0, 0, 1;
    %delay 1, 0;
    %pushi/vec4 0, 0, 1;
    %store/vec4 v0x14a626c40_0, 0, 1;
    %pushi/vec4 0, 0, 1;
    %store/vec4 v0x14a626cd0_0, 0, 1;
    %pushi/vec4 1, 0, 1;
    %store/vec4 v0x14a626d60_0, 0, 1;
    %delay 1, 0;
    %pushi/vec4 0, 0, 1;
    %store/vec4 v0x14a626c40_0, 0, 1;
    %pushi/vec4 1, 0, 1;
    %store/vec4 v0x14a626cd0_0, 0, 1;
    %pushi/vec4 0, 0, 1;
    %store/vec4 v0x14a626d60_0, 0, 1;
    %delay 1, 0;
    %pushi/vec4 0, 0, 1;
    %store/vec4 v0x14a626c40_0, 0, 1;
    %pushi/vec4 1, 0, 1;
    %store/vec4 v0x14a626cd0_0, 0, 1;
    %pushi/vec4 1, 0, 1;
    %store/vec4 v0x14a626d60_0, 0, 1;
    %delay 1, 0;
    %pushi/vec4 1, 0, 1;
    %store/vec4 v0x14a626c40_0, 0, 1;
    %pushi/vec4 0, 0, 1;
    %store/vec4 v0x14a626cd0_0, 0, 1;
    %pushi/vec4 0, 0, 1;
    %store/vec4 v0x14a626d60_0, 0, 1;
    %delay 1, 0;
    %pushi/vec4 1, 0, 1;
    %store/vec4 v0x14a626c40_0, 0, 1;
    %pushi/vec4 0, 0, 1;
    %store/vec4 v0x14a626cd0_0, 0, 1;
    %pushi/vec4 1, 0, 1;
    %store/vec4 v0x14a626d60_0, 0, 1;
    %delay 1, 0;
    %pushi/vec4 1, 0, 1;
    %store/vec4 v0x14a626c40_0, 0, 1;
    %pushi/vec4 1, 0, 1;
    %store/vec4 v0x14a626cd0_0, 0, 1;
    %pushi/vec4 0, 0, 1;
    %store/vec4 v0x14a626d60_0, 0, 1;
    %delay 1, 0;
    %pushi/vec4 1, 0, 1;
    %store/vec4 v0x14a626c40_0, 0, 1;
    %pushi/vec4 1, 0, 1;
    %store/vec4 v0x14a626cd0_0, 0, 1;
    %pushi/vec4 1, 0, 1;
    %store/vec4 v0x14a626d60_0, 0, 1;
    %delay 1, 0;
    %end;
    .thread T_1;
# The file index is used to find the file name in the following table.
:file_names 4;
    "N/A";
    "<interactive>";
    "full_adder_tb.v";
    "./full_adder.v";
